<?xml version="1.0" encoding="UTF-8"?>
<testsuite name="jpabook.jpashop.service.OrderServiceTest" tests="3" skipped="0" failures="0" errors="0" timestamp="2021-12-19T12:04:25" hostname="gimjinseob-ui-MacBookPro.local" time="0.734">
  <properties/>
  <testcase name="상품주문_재고수량초과()" classname="jpabook.jpashop.service.OrderServiceTest" time="0.454"/>
  <testcase name="상품주문()" classname="jpabook.jpashop.service.OrderServiceTest" time="0.251"/>
  <testcase name="주문취소()" classname="jpabook.jpashop.service.OrderServiceTest" time="0.027"/>
  <system-out><![CDATA[21:04:18.178 [Test worker] DEBUG org.springframework.test.context.BootstrapUtils - Instantiating CacheAwareContextLoaderDelegate from class [org.springframework.test.context.cache.DefaultCacheAwareContextLoaderDelegate]
21:04:18.198 [Test worker] DEBUG org.springframework.test.context.BootstrapUtils - Instantiating BootstrapContext using constructor [public org.springframework.test.context.support.DefaultBootstrapContext(java.lang.Class,org.springframework.test.context.CacheAwareContextLoaderDelegate)]
21:04:18.260 [Test worker] DEBUG org.springframework.test.context.BootstrapUtils - Instantiating TestContextBootstrapper for test class [jpabook.jpashop.service.OrderServiceTest] from class [org.springframework.boot.test.context.SpringBootTestContextBootstrapper]
21:04:18.285 [Test worker] INFO org.springframework.boot.test.context.SpringBootTestContextBootstrapper - Neither @ContextConfiguration nor @ContextHierarchy found for test class [jpabook.jpashop.service.OrderServiceTest], using SpringBootContextLoader
21:04:18.294 [Test worker] DEBUG org.springframework.test.context.support.AbstractContextLoader - Did not detect default resource location for test class [jpabook.jpashop.service.OrderServiceTest]: class path resource [jpabook/jpashop/service/OrderServiceTest-context.xml] does not exist
21:04:18.295 [Test worker] DEBUG org.springframework.test.context.support.AbstractContextLoader - Did not detect default resource location for test class [jpabook.jpashop.service.OrderServiceTest]: class path resource [jpabook/jpashop/service/OrderServiceTestContext.groovy] does not exist
21:04:18.296 [Test worker] INFO org.springframework.test.context.support.AbstractContextLoader - Could not detect default resource locations for test class [jpabook.jpashop.service.OrderServiceTest]: no resource found for suffixes {-context.xml, Context.groovy}.
21:04:18.297 [Test worker] INFO org.springframework.test.context.support.AnnotationConfigContextLoaderUtils - Could not detect default configuration classes for test class [jpabook.jpashop.service.OrderServiceTest]: OrderServiceTest does not declare any static, non-private, non-final, nested classes annotated with @Configuration.
21:04:18.382 [Test worker] DEBUG org.springframework.test.context.support.ActiveProfilesUtils - Could not find an 'annotation declaring class' for annotation type [org.springframework.test.context.ActiveProfiles] and class [jpabook.jpashop.service.OrderServiceTest]
21:04:18.504 [Test worker] DEBUG org.springframework.context.annotation.ClassPathScanningCandidateComponentProvider - Identified candidate component class: file [/Users/kimjinseop/study/jpashop/build/classes/java/main/jpabook/jpashop/JpashopApplication.class]
21:04:18.505 [Test worker] INFO org.springframework.boot.test.context.SpringBootTestContextBootstrapper - Found @SpringBootConfiguration jpabook.jpashop.JpashopApplication for test class jpabook.jpashop.service.OrderServiceTest
21:04:18.686 [Test worker] DEBUG org.springframework.boot.test.context.SpringBootTestContextBootstrapper - @TestExecutionListeners is not present for class [jpabook.jpashop.service.OrderServiceTest]: using defaults.
21:04:18.687 [Test worker] INFO org.springframework.boot.test.context.SpringBootTestContextBootstrapper - Loaded default TestExecutionListener class names from location [META-INF/spring.factories]: [org.springframework.boot.test.autoconfigure.restdocs.RestDocsTestExecutionListener, org.springframework.boot.test.autoconfigure.web.client.MockRestServiceServerResetTestExecutionListener, org.springframework.boot.test.autoconfigure.web.servlet.MockMvcPrintOnlyOnFailureTestExecutionListener, org.springframework.boot.test.autoconfigure.web.servlet.WebDriverTestExecutionListener, org.springframework.boot.test.autoconfigure.webservices.client.MockWebServiceServerTestExecutionListener, org.springframework.boot.test.mock.mockito.MockitoTestExecutionListener, org.springframework.boot.test.mock.mockito.ResetMocksTestExecutionListener, org.springframework.test.context.web.ServletTestExecutionListener, org.springframework.test.context.support.DirtiesContextBeforeModesTestExecutionListener, org.springframework.test.context.event.ApplicationEventsTestExecutionListener, org.springframework.test.context.support.DependencyInjectionTestExecutionListener, org.springframework.test.context.support.DirtiesContextTestExecutionListener, org.springframework.test.context.transaction.TransactionalTestExecutionListener, org.springframework.test.context.jdbc.SqlScriptsTestExecutionListener, org.springframework.test.context.event.EventPublishingTestExecutionListener]
21:04:18.730 [Test worker] INFO org.springframework.boot.test.context.SpringBootTestContextBootstrapper - Using TestExecutionListeners: [org.springframework.test.context.web.ServletTestExecutionListener@636e8cc, org.springframework.test.context.support.DirtiesContextBeforeModesTestExecutionListener@f79a760, org.springframework.test.context.event.ApplicationEventsTestExecutionListener@14f5da2c, org.springframework.boot.test.mock.mockito.MockitoTestExecutionListener@12dae582, org.springframework.boot.test.autoconfigure.SpringBootDependencyInjectionTestExecutionListener@239b0f9d, org.springframework.test.context.support.DirtiesContextTestExecutionListener@619bfe29, org.springframework.test.context.transaction.TransactionalTestExecutionListener@5b057c8c, org.springframework.test.context.jdbc.SqlScriptsTestExecutionListener@1eb6749b, org.springframework.test.context.event.EventPublishingTestExecutionListener@652a7737, org.springframework.boot.test.autoconfigure.restdocs.RestDocsTestExecutionListener@5b7ea70d, org.springframework.boot.test.autoconfigure.web.client.MockRestServiceServerResetTestExecutionListener@2bef51f2, org.springframework.boot.test.autoconfigure.web.servlet.MockMvcPrintOnlyOnFailureTestExecutionListener@650eab8, org.springframework.boot.test.autoconfigure.web.servlet.WebDriverTestExecutionListener@30f5a68a, org.springframework.boot.test.autoconfigure.webservices.client.MockWebServiceServerTestExecutionListener@1e1d3956, org.springframework.boot.test.mock.mockito.ResetMocksTestExecutionListener@4f2c9ba6]
21:04:18.736 [Test worker] DEBUG org.springframework.test.context.support.AbstractDirtiesContextTestExecutionListener - Before test class: context [DefaultTestContext@6bb75258 testClass = OrderServiceTest, testInstance = [null], testMethod = [null], testException = [null], mergedContextConfiguration = [WebMergedContextConfiguration@c260bdc testClass = OrderServiceTest, locations = '{}', classes = '{class jpabook.jpashop.JpashopApplication}', contextInitializerClasses = '[]', activeProfiles = '{}', propertySourceLocations = '{}', propertySourceProperties = '{org.springframework.boot.test.context.SpringBootTestContextBootstrapper=true}', contextCustomizers = set[org.springframework.boot.test.autoconfigure.actuate.metrics.MetricsExportContextCustomizerFactory$DisableMetricExportContextCustomizer@30c93896, org.springframework.boot.test.autoconfigure.properties.PropertyMappingContextCustomizer@0, org.springframework.boot.test.autoconfigure.web.servlet.WebDriverContextCustomizerFactory$Customizer@558bdf1f, org.springframework.boot.test.context.filter.ExcludeFilterContextCustomizer@5f354bcf, org.springframework.boot.test.json.DuplicateJsonObjectContextCustomizerFactory$DuplicateJsonObjectContextCustomizer@74589991, org.springframework.boot.test.mock.mockito.MockitoContextCustomizer@0, org.springframework.boot.test.web.client.TestRestTemplateContextCustomizer@130e116b, org.springframework.boot.test.context.SpringBootTestArgs@1, org.springframework.boot.test.context.SpringBootTestWebEnvironment@7a675056], resourceBasePath = 'src/main/webapp', contextLoader = 'org.springframework.boot.test.context.SpringBootContextLoader', parent = [null]], attributes = map['org.springframework.test.context.web.ServletTestExecutionListener.activateListener' -> true]], class annotated with @DirtiesContext [false] with mode [null].
21:04:18.843 [Test worker] DEBUG org.springframework.boot.ApplicationServletEnvironment - Activating profiles []
21:04:18.848 [Test worker] DEBUG org.springframework.test.context.support.TestPropertySourceUtils - Adding inlined properties to environment: {spring.jmx.enabled=false, org.springframework.boot.test.context.SpringBootTestContextBootstrapper=true}

  .   ____          _            __ _ _
 /\\ / ___'_ __ _ _(_)_ __  __ _ \ \ \ \
( ( )\___ | '_ | '_| | '_ \/ _` | \ \ \ \
 \\/  ___)| |_)| | | | | || (_| |  ) ) ) )
  '  |____| .__|_| |_|_| |_\__, | / / / /
 =========|_|==============|___/=/_/_/_/
 :: Spring Boot ::                (v2.6.0)

2021-12-19 21:04:19.493  INFO 43973 --- [    Test worker] j.jpashop.service.OrderServiceTest       : Starting OrderServiceTest using Java 16.0.1 on gimjinseob-ui-MacBookPro.local with PID 43973 (started by kimjinseop in /Users/kimjinseop/study/jpashop)
2021-12-19 21:04:19.496  INFO 43973 --- [    Test worker] j.jpashop.service.OrderServiceTest       : No active profile set, falling back to default profiles: default
2021-12-19 21:04:20.889  INFO 43973 --- [    Test worker] .s.d.r.c.RepositoryConfigurationDelegate : Bootstrapping Spring Data JPA repositories in DEFAULT mode.
2021-12-19 21:04:20.919  INFO 43973 --- [    Test worker] .s.d.r.c.RepositoryConfigurationDelegate : Finished Spring Data repository scanning in 12 ms. Found 0 JPA repository interfaces.
2021-12-19 21:04:22.207  INFO 43973 --- [    Test worker] com.zaxxer.hikari.HikariDataSource       : HikariPool-1 - Starting...
2021-12-19 21:04:22.510  INFO 43973 --- [    Test worker] com.zaxxer.hikari.HikariDataSource       : HikariPool-1 - Start completed.
2021-12-19 21:04:22.666  INFO 43973 --- [    Test worker] o.hibernate.jpa.internal.util.LogHelper  : HHH000204: Processing PersistenceUnitInfo [name: default]
2021-12-19 21:04:22.767  INFO 43973 --- [    Test worker] org.hibernate.Version                    : HHH000412: Hibernate ORM core version 5.6.1.Final
2021-12-19 21:04:23.021  INFO 43973 --- [    Test worker] o.hibernate.annotations.common.Version   : HCANN000001: Hibernate Commons Annotations {5.1.2.Final}
2021-12-19 21:04:23.216  INFO 43973 --- [    Test worker] org.hibernate.dialect.Dialect            : HHH000400: Using dialect: org.hibernate.dialect.H2Dialect
2021-12-19 21:04:24.299 DEBUG 43973 --- [    Test worker] org.hibernate.SQL                        : drop table if exists category CASCADE 
2021-12-19 21:04:24.304  INFO 43973 --- [    Test worker] p6spy                                    : #1639915464304 | took 1ms | statement | connection 2| url jdbc:h2:mem:812c2fa5-1750-402a-8b62-269163535fce
drop table if exists category CASCADE 
drop table if exists category CASCADE ;
2021-12-19 21:04:24.304 DEBUG 43973 --- [    Test worker] org.hibernate.SQL                        : drop table if exists category_item CASCADE 
2021-12-19 21:04:24.304  INFO 43973 --- [    Test worker] p6spy                                    : #1639915464304 | took 0ms | statement | connection 2| url jdbc:h2:mem:812c2fa5-1750-402a-8b62-269163535fce
drop table if exists category_item CASCADE 
drop table if exists category_item CASCADE ;
2021-12-19 21:04:24.305 DEBUG 43973 --- [    Test worker] org.hibernate.SQL                        : drop table if exists delivery CASCADE 
2021-12-19 21:04:24.305  INFO 43973 --- [    Test worker] p6spy                                    : #1639915464305 | took 0ms | statement | connection 2| url jdbc:h2:mem:812c2fa5-1750-402a-8b62-269163535fce
drop table if exists delivery CASCADE 
drop table if exists delivery CASCADE ;
2021-12-19 21:04:24.306 DEBUG 43973 --- [    Test worker] org.hibernate.SQL                        : drop table if exists item CASCADE 
2021-12-19 21:04:24.306  INFO 43973 --- [    Test worker] p6spy                                    : #1639915464306 | took 0ms | statement | connection 2| url jdbc:h2:mem:812c2fa5-1750-402a-8b62-269163535fce
drop table if exists item CASCADE 
drop table if exists item CASCADE ;
2021-12-19 21:04:24.307 DEBUG 43973 --- [    Test worker] org.hibernate.SQL                        : drop table if exists member CASCADE 
2021-12-19 21:04:24.307  INFO 43973 --- [    Test worker] p6spy                                    : #1639915464307 | took 0ms | statement | connection 2| url jdbc:h2:mem:812c2fa5-1750-402a-8b62-269163535fce
drop table if exists member CASCADE 
drop table if exists member CASCADE ;
2021-12-19 21:04:24.307 DEBUG 43973 --- [    Test worker] org.hibernate.SQL                        : drop table if exists order_item CASCADE 
2021-12-19 21:04:24.308  INFO 43973 --- [    Test worker] p6spy                                    : #1639915464308 | took 0ms | statement | connection 2| url jdbc:h2:mem:812c2fa5-1750-402a-8b62-269163535fce
drop table if exists order_item CASCADE 
drop table if exists order_item CASCADE ;
2021-12-19 21:04:24.308 DEBUG 43973 --- [    Test worker] org.hibernate.SQL                        : drop table if exists orders CASCADE 
2021-12-19 21:04:24.308  INFO 43973 --- [    Test worker] p6spy                                    : #1639915464308 | took 0ms | statement | connection 2| url jdbc:h2:mem:812c2fa5-1750-402a-8b62-269163535fce
drop table if exists orders CASCADE 
drop table if exists orders CASCADE ;
2021-12-19 21:04:24.308 DEBUG 43973 --- [    Test worker] org.hibernate.SQL                        : drop sequence if exists hibernate_sequence
2021-12-19 21:04:24.309  INFO 43973 --- [    Test worker] p6spy                                    : #1639915464309 | took 0ms | statement | connection 2| url jdbc:h2:mem:812c2fa5-1750-402a-8b62-269163535fce
drop sequence if exists hibernate_sequence
drop sequence if exists hibernate_sequence;
2021-12-19 21:04:24.312 DEBUG 43973 --- [    Test worker] org.hibernate.SQL                        : create sequence hibernate_sequence start with 1 increment by 1
2021-12-19 21:04:24.316  INFO 43973 --- [    Test worker] p6spy                                    : #1639915464316 | took 3ms | statement | connection 3| url jdbc:h2:mem:812c2fa5-1750-402a-8b62-269163535fce
create sequence hibernate_sequence start with 1 increment by 1
create sequence hibernate_sequence start with 1 increment by 1;
2021-12-19 21:04:24.317 DEBUG 43973 --- [    Test worker] org.hibernate.SQL                        : create table category (category_id bigint not null, name varchar(255), parent_id bigint, primary key (category_id))
2021-12-19 21:04:24.323  INFO 43973 --- [    Test worker] p6spy                                    : #1639915464323 | took 5ms | statement | connection 3| url jdbc:h2:mem:812c2fa5-1750-402a-8b62-269163535fce
create table category (category_id bigint not null, name varchar(255), parent_id bigint, primary key (category_id))
create table category (category_id bigint not null, name varchar(255), parent_id bigint, primary key (category_id));
2021-12-19 21:04:24.324 DEBUG 43973 --- [    Test worker] org.hibernate.SQL                        : create table category_item (category_id bigint not null, item_id bigint not null)
2021-12-19 21:04:24.325  INFO 43973 --- [    Test worker] p6spy                                    : #1639915464325 | took 1ms | statement | connection 3| url jdbc:h2:mem:812c2fa5-1750-402a-8b62-269163535fce
create table category_item (category_id bigint not null, item_id bigint not null)
create table category_item (category_id bigint not null, item_id bigint not null);
2021-12-19 21:04:24.326 DEBUG 43973 --- [    Test worker] org.hibernate.SQL                        : create table delivery (delivery_id bigint not null, city varchar(255), street varchar(255), zipcode varchar(255), status varchar(255), primary key (delivery_id))
2021-12-19 21:04:24.328  INFO 43973 --- [    Test worker] p6spy                                    : #1639915464328 | took 1ms | statement | connection 3| url jdbc:h2:mem:812c2fa5-1750-402a-8b62-269163535fce
create table delivery (delivery_id bigint not null, city varchar(255), street varchar(255), zipcode varchar(255), status varchar(255), primary key (delivery_id))
create table delivery (delivery_id bigint not null, city varchar(255), street varchar(255), zipcode varchar(255), status varchar(255), primary key (delivery_id));
2021-12-19 21:04:24.328 DEBUG 43973 --- [    Test worker] org.hibernate.SQL                        : create table item (dtype varchar(31) not null, item_id bigint not null, name varchar(255), price integer not null, stock_quantity integer not null, artist varchar(255), etc varchar(255), author varchar(255), isbn varchar(255), actor varchar(255), director varchar(255), primary key (item_id))
2021-12-19 21:04:24.331  INFO 43973 --- [    Test worker] p6spy                                    : #1639915464331 | took 1ms | statement | connection 3| url jdbc:h2:mem:812c2fa5-1750-402a-8b62-269163535fce
create table item (dtype varchar(31) not null, item_id bigint not null, name varchar(255), price integer not null, stock_quantity integer not null, artist varchar(255), etc varchar(255), author varchar(255), isbn varchar(255), actor varchar(255), director varchar(255), primary key (item_id))
create table item (dtype varchar(31) not null, item_id bigint not null, name varchar(255), price integer not null, stock_quantity integer not null, artist varchar(255), etc varchar(255), author varchar(255), isbn varchar(255), actor varchar(255), director varchar(255), primary key (item_id));
2021-12-19 21:04:24.331 DEBUG 43973 --- [    Test worker] org.hibernate.SQL                        : create table member (member_id bigint not null, city varchar(255), street varchar(255), zipcode varchar(255), name varchar(255), delivery_delivery_id bigint, primary key (member_id))
2021-12-19 21:04:24.333  INFO 43973 --- [    Test worker] p6spy                                    : #1639915464333 | took 1ms | statement | connection 3| url jdbc:h2:mem:812c2fa5-1750-402a-8b62-269163535fce
create table member (member_id bigint not null, city varchar(255), street varchar(255), zipcode varchar(255), name varchar(255), delivery_delivery_id bigint, primary key (member_id))
create table member (member_id bigint not null, city varchar(255), street varchar(255), zipcode varchar(255), name varchar(255), delivery_delivery_id bigint, primary key (member_id));
2021-12-19 21:04:24.334 DEBUG 43973 --- [    Test worker] org.hibernate.SQL                        : create table order_item (order_item_id bigint not null, count integer not null, order_price integer not null, item_id bigint, order_id bigint, primary key (order_item_id))
2021-12-19 21:04:24.337  INFO 43973 --- [    Test worker] p6spy                                    : #1639915464337 | took 3ms | statement | connection 3| url jdbc:h2:mem:812c2fa5-1750-402a-8b62-269163535fce
create table order_item (order_item_id bigint not null, count integer not null, order_price integer not null, item_id bigint, order_id bigint, primary key (order_item_id))
create table order_item (order_item_id bigint not null, count integer not null, order_price integer not null, item_id bigint, order_id bigint, primary key (order_item_id));
2021-12-19 21:04:24.341 DEBUG 43973 --- [    Test worker] org.hibernate.SQL                        : create table orders (order_id bigint not null, order_date timestamp, status varchar(255), delivery_id bigint, member_id bigint, primary key (order_id))
2021-12-19 21:04:24.342  INFO 43973 --- [    Test worker] p6spy                                    : #1639915464342 | took 1ms | statement | connection 3| url jdbc:h2:mem:812c2fa5-1750-402a-8b62-269163535fce
create table orders (order_id bigint not null, order_date timestamp, status varchar(255), delivery_id bigint, member_id bigint, primary key (order_id))
create table orders (order_id bigint not null, order_date timestamp, status varchar(255), delivery_id bigint, member_id bigint, primary key (order_id));
2021-12-19 21:04:24.343 DEBUG 43973 --- [    Test worker] org.hibernate.SQL                        : alter table category add constraint FK2y94svpmqttx80mshyny85wqr foreign key (parent_id) references category
2021-12-19 21:04:24.357  INFO 43973 --- [    Test worker] p6spy                                    : #1639915464357 | took 13ms | statement | connection 3| url jdbc:h2:mem:812c2fa5-1750-402a-8b62-269163535fce
alter table category add constraint FK2y94svpmqttx80mshyny85wqr foreign key (parent_id) references category
alter table category add constraint FK2y94svpmqttx80mshyny85wqr foreign key (parent_id) references category;
2021-12-19 21:04:24.358 DEBUG 43973 --- [    Test worker] org.hibernate.SQL                        : alter table category_item add constraint FKu8b4lwqutcdq3363gf6mlujq foreign key (item_id) references item
2021-12-19 21:04:24.360  INFO 43973 --- [    Test worker] p6spy                                    : #1639915464360 | took 2ms | statement | connection 3| url jdbc:h2:mem:812c2fa5-1750-402a-8b62-269163535fce
alter table category_item add constraint FKu8b4lwqutcdq3363gf6mlujq foreign key (item_id) references item
alter table category_item add constraint FKu8b4lwqutcdq3363gf6mlujq foreign key (item_id) references item;
2021-12-19 21:04:24.361 DEBUG 43973 --- [    Test worker] org.hibernate.SQL                        : alter table category_item add constraint FKcq2n0opf5shyh84ex1fhukcbh foreign key (category_id) references category
2021-12-19 21:04:24.366  INFO 43973 --- [    Test worker] p6spy                                    : #1639915464366 | took 5ms | statement | connection 3| url jdbc:h2:mem:812c2fa5-1750-402a-8b62-269163535fce
alter table category_item add constraint FKcq2n0opf5shyh84ex1fhukcbh foreign key (category_id) references category
alter table category_item add constraint FKcq2n0opf5shyh84ex1fhukcbh foreign key (category_id) references category;
2021-12-19 21:04:24.367 DEBUG 43973 --- [    Test worker] org.hibernate.SQL                        : alter table member add constraint FKcqi3bikeiud5q9spd28646rs foreign key (delivery_delivery_id) references delivery
2021-12-19 21:04:24.373  INFO 43973 --- [    Test worker] p6spy                                    : #1639915464373 | took 5ms | statement | connection 3| url jdbc:h2:mem:812c2fa5-1750-402a-8b62-269163535fce
alter table member add constraint FKcqi3bikeiud5q9spd28646rs foreign key (delivery_delivery_id) references delivery
alter table member add constraint FKcqi3bikeiud5q9spd28646rs foreign key (delivery_delivery_id) references delivery;
2021-12-19 21:04:24.374 DEBUG 43973 --- [    Test worker] org.hibernate.SQL                        : alter table order_item add constraint FKija6hjjiit8dprnmvtvgdp6ru foreign key (item_id) references item
2021-12-19 21:04:24.379  INFO 43973 --- [    Test worker] p6spy                                    : #1639915464379 | took 4ms | statement | connection 3| url jdbc:h2:mem:812c2fa5-1750-402a-8b62-269163535fce
alter table order_item add constraint FKija6hjjiit8dprnmvtvgdp6ru foreign key (item_id) references item
alter table order_item add constraint FKija6hjjiit8dprnmvtvgdp6ru foreign key (item_id) references item;
2021-12-19 21:04:24.381 DEBUG 43973 --- [    Test worker] org.hibernate.SQL                        : alter table order_item add constraint FKt4dc2r9nbvbujrljv3e23iibt foreign key (order_id) references orders
2021-12-19 21:04:24.385  INFO 43973 --- [    Test worker] p6spy                                    : #1639915464385 | took 2ms | statement | connection 3| url jdbc:h2:mem:812c2fa5-1750-402a-8b62-269163535fce
alter table order_item add constraint FKt4dc2r9nbvbujrljv3e23iibt foreign key (order_id) references orders
alter table order_item add constraint FKt4dc2r9nbvbujrljv3e23iibt foreign key (order_id) references orders;
2021-12-19 21:04:24.385 DEBUG 43973 --- [    Test worker] org.hibernate.SQL                        : alter table orders add constraint FKtkrur7wg4d8ax0pwgo0vmy20c foreign key (delivery_id) references delivery
2021-12-19 21:04:24.388  INFO 43973 --- [    Test worker] p6spy                                    : #1639915464388 | took 2ms | statement | connection 3| url jdbc:h2:mem:812c2fa5-1750-402a-8b62-269163535fce
alter table orders add constraint FKtkrur7wg4d8ax0pwgo0vmy20c foreign key (delivery_id) references delivery
alter table orders add constraint FKtkrur7wg4d8ax0pwgo0vmy20c foreign key (delivery_id) references delivery;
2021-12-19 21:04:24.389 DEBUG 43973 --- [    Test worker] org.hibernate.SQL                        : alter table orders add constraint FKpktxwhj3x9m4gth5ff6bkqgeb foreign key (member_id) references member
2021-12-19 21:04:24.393  INFO 43973 --- [    Test worker] p6spy                                    : #1639915464393 | took 2ms | statement | connection 3| url jdbc:h2:mem:812c2fa5-1750-402a-8b62-269163535fce
alter table orders add constraint FKpktxwhj3x9m4gth5ff6bkqgeb foreign key (member_id) references member
alter table orders add constraint FKpktxwhj3x9m4gth5ff6bkqgeb foreign key (member_id) references member;
2021-12-19 21:04:24.397  INFO 43973 --- [    Test worker] o.h.e.t.j.p.i.JtaPlatformInitiator       : HHH000490: Using JtaPlatform implementation: [org.hibernate.engine.transaction.jta.platform.internal.NoJtaPlatform]
2021-12-19 21:04:24.412  INFO 43973 --- [    Test worker] j.LocalContainerEntityManagerFactoryBean : Initialized JPA EntityManagerFactory for persistence unit 'default'
2021-12-19 21:04:24.836  WARN 43973 --- [    Test worker] JpaBaseConfiguration$JpaWebConfiguration : spring.jpa.open-in-view is enabled by default. Therefore, database queries may be performed during view rendering. Explicitly configure spring.jpa.open-in-view to disable this warning
2021-12-19 21:04:25.254  INFO 43973 --- [    Test worker] o.s.b.a.w.s.WelcomePageHandlerMapping    : Adding welcome page: class path resource [static/index.html]
2021-12-19 21:04:25.633  INFO 43973 --- [    Test worker] j.jpashop.service.OrderServiceTest       : Started OrderServiceTest in 6.782 seconds (JVM running for 8.686)
2021-12-19 21:04:25.738  INFO 43973 --- [    Test worker] o.s.t.c.transaction.TransactionContext   : Began transaction (1) for test context [DefaultTestContext@6bb75258 testClass = OrderServiceTest, testInstance = jpabook.jpashop.service.OrderServiceTest@6a4d57b7, testMethod = 상품주문_재고수량초과@OrderServiceTest, testException = [null], mergedContextConfiguration = [WebMergedContextConfiguration@c260bdc testClass = OrderServiceTest, locations = '{}', classes = '{class jpabook.jpashop.JpashopApplication}', contextInitializerClasses = '[]', activeProfiles = '{}', propertySourceLocations = '{}', propertySourceProperties = '{org.springframework.boot.test.context.SpringBootTestContextBootstrapper=true}', contextCustomizers = set[org.springframework.boot.test.autoconfigure.actuate.metrics.MetricsExportContextCustomizerFactory$DisableMetricExportContextCustomizer@30c93896, org.springframework.boot.test.autoconfigure.properties.PropertyMappingContextCustomizer@0, org.springframework.boot.test.autoconfigure.web.servlet.WebDriverContextCustomizerFactory$Customizer@558bdf1f, org.springframework.boot.test.context.filter.ExcludeFilterContextCustomizer@5f354bcf, org.springframework.boot.test.json.DuplicateJsonObjectContextCustomizerFactory$DuplicateJsonObjectContextCustomizer@74589991, org.springframework.boot.test.mock.mockito.MockitoContextCustomizer@0, org.springframework.boot.test.web.client.TestRestTemplateContextCustomizer@130e116b, org.springframework.boot.test.context.SpringBootTestArgs@1, org.springframework.boot.test.context.SpringBootTestWebEnvironment@7a675056], resourceBasePath = 'src/main/webapp', contextLoader = 'org.springframework.boot.test.context.SpringBootContextLoader', parent = [null]], attributes = map['org.springframework.test.context.web.ServletTestExecutionListener.activateListener' -> true, 'org.springframework.test.context.web.ServletTestExecutionListener.populatedRequestContextHolder' -> true, 'org.springframework.test.context.web.ServletTestExecutionListener.resetRequestContextHolder' -> true, 'org.springframework.test.context.event.ApplicationEventsTestExecutionListener.recordApplicationEvents' -> false]]; transaction manager [org.springframework.orm.jpa.JpaTransactionManager@5ead245]; rollback [true]
2021-12-19 21:04:25.999 DEBUG 43973 --- [    Test worker] org.hibernate.SQL                        : call next value for hibernate_sequence
2021-12-19 21:04:26.015  INFO 43973 --- [    Test worker] p6spy                                    : #1639915466015 | took 9ms | statement | connection 4| url jdbc:h2:mem:812c2fa5-1750-402a-8b62-269163535fce
call next value for hibernate_sequence
call next value for hibernate_sequence;
2021-12-19 21:04:26.064 DEBUG 43973 --- [    Test worker] org.hibernate.SQL                        : call next value for hibernate_sequence
2021-12-19 21:04:26.065  INFO 43973 --- [    Test worker] p6spy                                    : #1639915466065 | took 0ms | statement | connection 4| url jdbc:h2:mem:812c2fa5-1750-402a-8b62-269163535fce
call next value for hibernate_sequence
call next value for hibernate_sequence;
2021-12-19 21:04:26.104  INFO 43973 --- [    Test worker] p6spy                                    : #1639915466104 | took 0ms | rollback | connection 4| url jdbc:h2:mem:812c2fa5-1750-402a-8b62-269163535fce

;
2021-12-19 21:04:26.108  INFO 43973 --- [    Test worker] o.s.t.c.transaction.TransactionContext   : Rolled back transaction for test: [DefaultTestContext@6bb75258 testClass = OrderServiceTest, testInstance = jpabook.jpashop.service.OrderServiceTest@6a4d57b7, testMethod = 상품주문_재고수량초과@OrderServiceTest, testException = [null], mergedContextConfiguration = [WebMergedContextConfiguration@c260bdc testClass = OrderServiceTest, locations = '{}', classes = '{class jpabook.jpashop.JpashopApplication}', contextInitializerClasses = '[]', activeProfiles = '{}', propertySourceLocations = '{}', propertySourceProperties = '{org.springframework.boot.test.context.SpringBootTestContextBootstrapper=true}', contextCustomizers = set[org.springframework.boot.test.autoconfigure.actuate.metrics.MetricsExportContextCustomizerFactory$DisableMetricExportContextCustomizer@30c93896, org.springframework.boot.test.autoconfigure.properties.PropertyMappingContextCustomizer@0, org.springframework.boot.test.autoconfigure.web.servlet.WebDriverContextCustomizerFactory$Customizer@558bdf1f, org.springframework.boot.test.context.filter.ExcludeFilterContextCustomizer@5f354bcf, org.springframework.boot.test.json.DuplicateJsonObjectContextCustomizerFactory$DuplicateJsonObjectContextCustomizer@74589991, org.springframework.boot.test.mock.mockito.MockitoContextCustomizer@0, org.springframework.boot.test.web.client.TestRestTemplateContextCustomizer@130e116b, org.springframework.boot.test.context.SpringBootTestArgs@1, org.springframework.boot.test.context.SpringBootTestWebEnvironment@7a675056], resourceBasePath = 'src/main/webapp', contextLoader = 'org.springframework.boot.test.context.SpringBootContextLoader', parent = [null]], attributes = map['org.springframework.test.context.web.ServletTestExecutionListener.activateListener' -> true, 'org.springframework.test.context.web.ServletTestExecutionListener.populatedRequestContextHolder' -> true, 'org.springframework.test.context.web.ServletTestExecutionListener.resetRequestContextHolder' -> true, 'org.springframework.test.context.event.ApplicationEventsTestExecutionListener.recordApplicationEvents' -> false]]
2021-12-19 21:04:26.120  INFO 43973 --- [    Test worker] o.s.t.c.transaction.TransactionContext   : Began transaction (1) for test context [DefaultTestContext@6bb75258 testClass = OrderServiceTest, testInstance = jpabook.jpashop.service.OrderServiceTest@3305897c, testMethod = 상품주문@OrderServiceTest, testException = [null], mergedContextConfiguration = [WebMergedContextConfiguration@c260bdc testClass = OrderServiceTest, locations = '{}', classes = '{class jpabook.jpashop.JpashopApplication}', contextInitializerClasses = '[]', activeProfiles = '{}', propertySourceLocations = '{}', propertySourceProperties = '{org.springframework.boot.test.context.SpringBootTestContextBootstrapper=true}', contextCustomizers = set[org.springframework.boot.test.autoconfigure.actuate.metrics.MetricsExportContextCustomizerFactory$DisableMetricExportContextCustomizer@30c93896, org.springframework.boot.test.autoconfigure.properties.PropertyMappingContextCustomizer@0, org.springframework.boot.test.autoconfigure.web.servlet.WebDriverContextCustomizerFactory$Customizer@558bdf1f, org.springframework.boot.test.context.filter.ExcludeFilterContextCustomizer@5f354bcf, org.springframework.boot.test.json.DuplicateJsonObjectContextCustomizerFactory$DuplicateJsonObjectContextCustomizer@74589991, org.springframework.boot.test.mock.mockito.MockitoContextCustomizer@0, org.springframework.boot.test.web.client.TestRestTemplateContextCustomizer@130e116b, org.springframework.boot.test.context.SpringBootTestArgs@1, org.springframework.boot.test.context.SpringBootTestWebEnvironment@7a675056], resourceBasePath = 'src/main/webapp', contextLoader = 'org.springframework.boot.test.context.SpringBootContextLoader', parent = [null]], attributes = map['org.springframework.test.context.web.ServletTestExecutionListener.activateListener' -> true, 'org.springframework.test.context.web.ServletTestExecutionListener.populatedRequestContextHolder' -> true, 'org.springframework.test.context.web.ServletTestExecutionListener.resetRequestContextHolder' -> true, 'org.springframework.test.context.event.ApplicationEventsTestExecutionListener.recordApplicationEvents' -> false]]; transaction manager [org.springframework.orm.jpa.JpaTransactionManager@5ead245]; rollback [true]
2021-12-19 21:04:26.122 DEBUG 43973 --- [    Test worker] org.hibernate.SQL                        : call next value for hibernate_sequence
2021-12-19 21:04:26.123  INFO 43973 --- [    Test worker] p6spy                                    : #1639915466123 | took 0ms | statement | connection 5| url jdbc:h2:mem:812c2fa5-1750-402a-8b62-269163535fce
call next value for hibernate_sequence
call next value for hibernate_sequence;
2021-12-19 21:04:26.130 DEBUG 43973 --- [    Test worker] org.hibernate.SQL                        : call next value for hibernate_sequence
2021-12-19 21:04:26.136  INFO 43973 --- [    Test worker] p6spy                                    : #1639915466136 | took 3ms | statement | connection 5| url jdbc:h2:mem:812c2fa5-1750-402a-8b62-269163535fce
call next value for hibernate_sequence
call next value for hibernate_sequence;
2021-12-19 21:04:26.179 DEBUG 43973 --- [    Test worker] org.hibernate.SQL                        : call next value for hibernate_sequence
2021-12-19 21:04:26.180  INFO 43973 --- [    Test worker] p6spy                                    : #1639915466180 | took 0ms | statement | connection 5| url jdbc:h2:mem:812c2fa5-1750-402a-8b62-269163535fce
call next value for hibernate_sequence
call next value for hibernate_sequence;
2021-12-19 21:04:26.181 DEBUG 43973 --- [    Test worker] org.hibernate.SQL                        : call next value for hibernate_sequence
2021-12-19 21:04:26.182  INFO 43973 --- [    Test worker] p6spy                                    : #1639915466182 | took 0ms | statement | connection 5| url jdbc:h2:mem:812c2fa5-1750-402a-8b62-269163535fce
call next value for hibernate_sequence
call next value for hibernate_sequence;
2021-12-19 21:04:26.185 DEBUG 43973 --- [    Test worker] org.hibernate.SQL                        : call next value for hibernate_sequence
2021-12-19 21:04:26.185  INFO 43973 --- [    Test worker] p6spy                                    : #1639915466185 | took 0ms | statement | connection 5| url jdbc:h2:mem:812c2fa5-1750-402a-8b62-269163535fce
call next value for hibernate_sequence
call next value for hibernate_sequence;
2021-12-19 21:04:26.366  INFO 43973 --- [    Test worker] p6spy                                    : #1639915466366 | took 0ms | rollback | connection 5| url jdbc:h2:mem:812c2fa5-1750-402a-8b62-269163535fce

;
2021-12-19 21:04:26.367  INFO 43973 --- [    Test worker] o.s.t.c.transaction.TransactionContext   : Rolled back transaction for test: [DefaultTestContext@6bb75258 testClass = OrderServiceTest, testInstance = jpabook.jpashop.service.OrderServiceTest@3305897c, testMethod = 상품주문@OrderServiceTest, testException = [null], mergedContextConfiguration = [WebMergedContextConfiguration@c260bdc testClass = OrderServiceTest, locations = '{}', classes = '{class jpabook.jpashop.JpashopApplication}', contextInitializerClasses = '[]', activeProfiles = '{}', propertySourceLocations = '{}', propertySourceProperties = '{org.springframework.boot.test.context.SpringBootTestContextBootstrapper=true}', contextCustomizers = set[org.springframework.boot.test.autoconfigure.actuate.metrics.MetricsExportContextCustomizerFactory$DisableMetricExportContextCustomizer@30c93896, org.springframework.boot.test.autoconfigure.properties.PropertyMappingContextCustomizer@0, org.springframework.boot.test.autoconfigure.web.servlet.WebDriverContextCustomizerFactory$Customizer@558bdf1f, org.springframework.boot.test.context.filter.ExcludeFilterContextCustomizer@5f354bcf, org.springframework.boot.test.json.DuplicateJsonObjectContextCustomizerFactory$DuplicateJsonObjectContextCustomizer@74589991, org.springframework.boot.test.mock.mockito.MockitoContextCustomizer@0, org.springframework.boot.test.web.client.TestRestTemplateContextCustomizer@130e116b, org.springframework.boot.test.context.SpringBootTestArgs@1, org.springframework.boot.test.context.SpringBootTestWebEnvironment@7a675056], resourceBasePath = 'src/main/webapp', contextLoader = 'org.springframework.boot.test.context.SpringBootContextLoader', parent = [null]], attributes = map['org.springframework.test.context.web.ServletTestExecutionListener.activateListener' -> true, 'org.springframework.test.context.web.ServletTestExecutionListener.populatedRequestContextHolder' -> true, 'org.springframework.test.context.web.ServletTestExecutionListener.resetRequestContextHolder' -> true, 'org.springframework.test.context.event.ApplicationEventsTestExecutionListener.recordApplicationEvents' -> false]]
2021-12-19 21:04:26.371  INFO 43973 --- [    Test worker] o.s.t.c.transaction.TransactionContext   : Began transaction (1) for test context [DefaultTestContext@6bb75258 testClass = OrderServiceTest, testInstance = jpabook.jpashop.service.OrderServiceTest@4a778943, testMethod = 주문취소@OrderServiceTest, testException = [null], mergedContextConfiguration = [WebMergedContextConfiguration@c260bdc testClass = OrderServiceTest, locations = '{}', classes = '{class jpabook.jpashop.JpashopApplication}', contextInitializerClasses = '[]', activeProfiles = '{}', propertySourceLocations = '{}', propertySourceProperties = '{org.springframework.boot.test.context.SpringBootTestContextBootstrapper=true}', contextCustomizers = set[org.springframework.boot.test.autoconfigure.actuate.metrics.MetricsExportContextCustomizerFactory$DisableMetricExportContextCustomizer@30c93896, org.springframework.boot.test.autoconfigure.properties.PropertyMappingContextCustomizer@0, org.springframework.boot.test.autoconfigure.web.servlet.WebDriverContextCustomizerFactory$Customizer@558bdf1f, org.springframework.boot.test.context.filter.ExcludeFilterContextCustomizer@5f354bcf, org.springframework.boot.test.json.DuplicateJsonObjectContextCustomizerFactory$DuplicateJsonObjectContextCustomizer@74589991, org.springframework.boot.test.mock.mockito.MockitoContextCustomizer@0, org.springframework.boot.test.web.client.TestRestTemplateContextCustomizer@130e116b, org.springframework.boot.test.context.SpringBootTestArgs@1, org.springframework.boot.test.context.SpringBootTestWebEnvironment@7a675056], resourceBasePath = 'src/main/webapp', contextLoader = 'org.springframework.boot.test.context.SpringBootContextLoader', parent = [null]], attributes = map['org.springframework.test.context.web.ServletTestExecutionListener.activateListener' -> true, 'org.springframework.test.context.web.ServletTestExecutionListener.populatedRequestContextHolder' -> true, 'org.springframework.test.context.web.ServletTestExecutionListener.resetRequestContextHolder' -> true, 'org.springframework.test.context.event.ApplicationEventsTestExecutionListener.recordApplicationEvents' -> false]]; transaction manager [org.springframework.orm.jpa.JpaTransactionManager@5ead245]; rollback [true]
2021-12-19 21:04:26.374 DEBUG 43973 --- [    Test worker] org.hibernate.SQL                        : call next value for hibernate_sequence
2021-12-19 21:04:26.374  INFO 43973 --- [    Test worker] p6spy                                    : #1639915466374 | took 0ms | statement | connection 6| url jdbc:h2:mem:812c2fa5-1750-402a-8b62-269163535fce
call next value for hibernate_sequence
call next value for hibernate_sequence;
2021-12-19 21:04:26.375 DEBUG 43973 --- [    Test worker] org.hibernate.SQL                        : call next value for hibernate_sequence
2021-12-19 21:04:26.375  INFO 43973 --- [    Test worker] p6spy                                    : #1639915466375 | took 0ms | statement | connection 6| url jdbc:h2:mem:812c2fa5-1750-402a-8b62-269163535fce
call next value for hibernate_sequence
call next value for hibernate_sequence;
2021-12-19 21:04:26.379 DEBUG 43973 --- [    Test worker] org.hibernate.SQL                        : call next value for hibernate_sequence
2021-12-19 21:04:26.379  INFO 43973 --- [    Test worker] p6spy                                    : #1639915466379 | took 0ms | statement | connection 6| url jdbc:h2:mem:812c2fa5-1750-402a-8b62-269163535fce
call next value for hibernate_sequence
call next value for hibernate_sequence;
2021-12-19 21:04:26.380 DEBUG 43973 --- [    Test worker] org.hibernate.SQL                        : call next value for hibernate_sequence
2021-12-19 21:04:26.380  INFO 43973 --- [    Test worker] p6spy                                    : #1639915466380 | took 0ms | statement | connection 6| url jdbc:h2:mem:812c2fa5-1750-402a-8b62-269163535fce
call next value for hibernate_sequence
call next value for hibernate_sequence;
2021-12-19 21:04:26.381 DEBUG 43973 --- [    Test worker] org.hibernate.SQL                        : call next value for hibernate_sequence
2021-12-19 21:04:26.381  INFO 43973 --- [    Test worker] p6spy                                    : #1639915466381 | took 0ms | statement | connection 6| url jdbc:h2:mem:812c2fa5-1750-402a-8b62-269163535fce
call next value for hibernate_sequence
call next value for hibernate_sequence;
2021-12-19 21:04:26.387  INFO 43973 --- [    Test worker] p6spy                                    : #1639915466387 | took 0ms | rollback | connection 6| url jdbc:h2:mem:812c2fa5-1750-402a-8b62-269163535fce

;
2021-12-19 21:04:26.388  INFO 43973 --- [    Test worker] o.s.t.c.transaction.TransactionContext   : Rolled back transaction for test: [DefaultTestContext@6bb75258 testClass = OrderServiceTest, testInstance = jpabook.jpashop.service.OrderServiceTest@4a778943, testMethod = 주문취소@OrderServiceTest, testException = [null], mergedContextConfiguration = [WebMergedContextConfiguration@c260bdc testClass = OrderServiceTest, locations = '{}', classes = '{class jpabook.jpashop.JpashopApplication}', contextInitializerClasses = '[]', activeProfiles = '{}', propertySourceLocations = '{}', propertySourceProperties = '{org.springframework.boot.test.context.SpringBootTestContextBootstrapper=true}', contextCustomizers = set[org.springframework.boot.test.autoconfigure.actuate.metrics.MetricsExportContextCustomizerFactory$DisableMetricExportContextCustomizer@30c93896, org.springframework.boot.test.autoconfigure.properties.PropertyMappingContextCustomizer@0, org.springframework.boot.test.autoconfigure.web.servlet.WebDriverContextCustomizerFactory$Customizer@558bdf1f, org.springframework.boot.test.context.filter.ExcludeFilterContextCustomizer@5f354bcf, org.springframework.boot.test.json.DuplicateJsonObjectContextCustomizerFactory$DuplicateJsonObjectContextCustomizer@74589991, org.springframework.boot.test.mock.mockito.MockitoContextCustomizer@0, org.springframework.boot.test.web.client.TestRestTemplateContextCustomizer@130e116b, org.springframework.boot.test.context.SpringBootTestArgs@1, org.springframework.boot.test.context.SpringBootTestWebEnvironment@7a675056], resourceBasePath = 'src/main/webapp', contextLoader = 'org.springframework.boot.test.context.SpringBootContextLoader', parent = [null]], attributes = map['org.springframework.test.context.web.ServletTestExecutionListener.activateListener' -> true, 'org.springframework.test.context.web.ServletTestExecutionListener.populatedRequestContextHolder' -> true, 'org.springframework.test.context.web.ServletTestExecutionListener.resetRequestContextHolder' -> true, 'org.springframework.test.context.event.ApplicationEventsTestExecutionListener.recordApplicationEvents' -> false]]
]]></system-out>
  <system-err><![CDATA[]]></system-err>
</testsuite>
